<?xml version="1.0" encoding="UTF-8"?>
<!-- Generated by org.testng.reporters.JUnitXMLReporter -->
<testsuite ignored="4" hostname="LPwO90mNmS" failures="0" tests="1" name="Default test" time="23.272" errors="0" timestamp="2021-12-03T23:24:56 GMT+02:00">
  <testcase classname="com.inetbanking.testCases.HandleBrowserWindows" name="DatePicker" time="23.232"/>
  <testcase classname="com.inetbanking.testCases.HandleBrowserWindows" name="tableHandling" time="0.0">
    <ignored/>
  </testcase> <!-- tableHandling -->
  <testcase classname="com.inetbanking.testCases.HandleBrowserWindows" name="ManageWait" time="0.0">
    <ignored/>
  </testcase> <!-- ManageWait -->
  <testcase classname="com.inetbanking.testCases.HandleBrowserWindows" name="BrokenLinks" time="0.0">
    <ignored/>
  </testcase> <!-- BrokenLinks -->
  <testcase classname="com.inetbanking.testCases.HandleBrowserWindows" name="windows" time="0.0">
    <ignored/>
  </testcase> <!-- windows -->
</testsuite> <!-- Default test -->
