<?xml version="1.0" encoding="UTF-8"?>
<!-- Generated by org.testng.reporters.JUnitXMLReporter -->
<testsuite ignored="2" hostname="LPwO90mNmS" failures="0" tests="1" name="Default test" time="8.298" errors="0" timestamp="2021-12-01T00:22:50 GMT+02:00">
  <testcase classname="com.inetbanking.testCases.HandleBrowserWindows" name="tableHandling" time="8.248"/>
  <testcase classname="com.inetbanking.testCases.HandleBrowserWindows" name="BrokenLinks" time="0.0">
    <ignored/>
  </testcase> <!-- BrokenLinks -->
  <testcase classname="com.inetbanking.testCases.HandleBrowserWindows" name="windows" time="0.0">
    <ignored/>
  </testcase> <!-- windows -->
</testsuite> <!-- Default test -->
