-------------------------------------------------------------------------------
Test set: TestSuite
-------------------------------------------------------------------------------
Tests run: 4, Failures: 1, Errors: 0, Skipped: 0, Time elapsed: 46.915 s <<< FAILURE! - in TestSuite
loginDDT(com.inetbanking.testCases.TC_loginDDD_002)  Time elapsed: 7.586 s  <<< FAILURE!
java.lang.AssertionError
	at com.inetbanking.testCases.TC_loginDDD_002.loginDDT(TC_loginDDD_002.java:30)

